{"C:\\Users\\chnichol\\source\\repos\\xrm-promotion-poc\\src\\client\\control\\enableField.js": {"path":"C:\\Users\\chnichol\\source\\repos\\xrm-promotion-poc\\src\\client\\control\\enableField.js","statementMap":{"0":{"start":{"line":1,"column":20},"end":{"line":1,"column":73}},"1":{"start":{"line":1,"column":31},"end":{"line":1,"column":40}},"2":{"start":{"line":1,"column":41},"end":{"line":1,"column":72}}},"fnMap":{"0":{"name":"(anonymous_0)","decl":{"start":{"line":1,"column":20},"end":{"line":1,"column":21}},"loc":{"start":{"line":1,"column":30},"end":{"line":1,"column":73}},"line":1}},"branchMap":{"0":{"loc":{"start":{"line":1,"column":41},"end":{"line":1,"column":72}},"type":"binary-expr","locations":[{"start":{"line":1,"column":41},"end":{"line":1,"column":45}},{"start":{"line":1,"column":49},"end":{"line":1,"column":72}}],"line":1}},"s":{"0":1,"1":1,"2":1},"f":{"0":1},"b":{"0":[1,1]},"_coverageSchema":"1a1c01bbd47fc00a2c39e90264f33305004495a9","hash":"db0ea11f74da2d5ddfc5b2c93d01dd325bbd676b"}
,"C:\\Users\\chnichol\\source\\repos\\xrm-promotion-poc\\src\\client\\control\\getFormContextControl.js": {"path":"C:\\Users\\chnichol\\source\\repos\\xrm-promotion-poc\\src\\client\\control\\getFormContextControl.js","statementMap":{"0":{"start":{"line":1,"column":30},"end":{"line":1,"column":71}},"1":{"start":{"line":1,"column":40},"end":{"line":1,"column":71}},"2":{"start":{"line":1,"column":50},"end":{"line":1,"column":71}}},"fnMap":{"0":{"name":"(anonymous_0)","decl":{"start":{"line":1,"column":30},"end":{"line":1,"column":31}},"loc":{"start":{"line":1,"column":40},"end":{"line":1,"column":71}},"line":1},"1":{"name":"(anonymous_1)","decl":{"start":{"line":1,"column":40},"end":{"line":1,"column":41}},"loc":{"start":{"line":1,"column":50},"end":{"line":1,"column":71}},"line":1}},"branchMap":{},"s":{"0":1,"1":1,"2":1},"f":{"0":1,"1":1},"b":{},"_coverageSchema":"1a1c01bbd47fc00a2c39e90264f33305004495a9","hash":"2b6253fad97b5a806e904dbf9311dab7076dd844"}
,"C:\\Users\\chnichol\\source\\repos\\xrm-promotion-poc\\src\\client\\date\\clearFutureDate.js": {"path":"C:\\Users\\chnichol\\source\\repos\\xrm-promotion-poc\\src\\client\\date\\clearFutureDate.js","statementMap":{"0":{"start":{"line":1,"column":24},"end":{"line":1,"column":103}},"1":{"start":{"line":1,"column":34},"end":{"line":1,"column":103}}},"fnMap":{"0":{"name":"(anonymous_0)","decl":{"start":{"line":1,"column":24},"end":{"line":1,"column":25}},"loc":{"start":{"line":1,"column":34},"end":{"line":1,"column":103}},"line":1}},"branchMap":{"0":{"loc":{"start":{"line":1,"column":34},"end":{"line":1,"column":103}},"type":"cond-expr","locations":[{"start":{"line":1,"column":73},"end":{"line":1,"column":96}},{"start":{"line":1,"column":99},"end":{"line":1,"column":103}}],"line":1},"1":{"loc":{"start":{"line":1,"column":34},"end":{"line":1,"column":70}},"type":"binary-expr","locations":[{"start":{"line":1,"column":34},"end":{"line":1,"column":38}},{"start":{"line":1,"column":42},"end":{"line":1,"column":70}}],"line":1},"2":{"loc":{"start":{"line":1,"column":73},"end":{"line":1,"column":96}},"type":"binary-expr","locations":[{"start":{"line":1,"column":73},"end":{"line":1,"column":88}},{"start":{"line":1,"column":92},"end":{"line":1,"column":96}}],"line":1}},"s":{"0":0,"1":0},"f":{"0":0},"b":{"0":[0,0],"1":[0,0],"2":[0,0]}}
,"C:\\Users\\chnichol\\source\\repos\\xrm-promotion-poc\\src\\client\\form\\formTypeExecution.js": {"path":"C:\\Users\\chnichol\\source\\repos\\xrm-promotion-poc\\src\\client\\form\\formTypeExecution.js","statementMap":{"0":{"start":{"line":1,"column":27},"end":{"line":1,"column":120}},"1":{"start":{"line":1,"column":38},"end":{"line":1,"column":120}},"2":{"start":{"line":1,"column":48},"end":{"line":1,"column":120}},"3":{"start":{"line":1,"column":58},"end":{"line":1,"column":120}},"4":{"start":{"line":1,"column":67},"end":{"line":1,"column":120}}},"fnMap":{"0":{"name":"(anonymous_0)","decl":{"start":{"line":1,"column":27},"end":{"line":1,"column":28}},"loc":{"start":{"line":1,"column":38},"end":{"line":1,"column":120}},"line":1},"1":{"name":"(anonymous_1)","decl":{"start":{"line":1,"column":38},"end":{"line":1,"column":39}},"loc":{"start":{"line":1,"column":48},"end":{"line":1,"column":120}},"line":1},"2":{"name":"(anonymous_2)","decl":{"start":{"line":1,"column":48},"end":{"line":1,"column":49}},"loc":{"start":{"line":1,"column":58},"end":{"line":1,"column":120}},"line":1},"3":{"name":"(anonymous_3)","decl":{"start":{"line":1,"column":58},"end":{"line":1,"column":59}},"loc":{"start":{"line":1,"column":67},"end":{"line":1,"column":120}},"line":1}},"branchMap":{"0":{"loc":{"start":{"line":1,"column":67},"end":{"line":1,"column":120}},"type":"binary-expr","locations":[{"start":{"line":1,"column":68},"end":{"line":1,"column":99}},{"start":{"line":1,"column":103},"end":{"line":1,"column":112}},{"start":{"line":1,"column":117},"end":{"line":1,"column":120}}],"line":1}},"s":{"0":1,"1":1,"2":1,"3":1,"4":1},"f":{"0":1,"1":1,"2":1,"3":1},"b":{"0":[1,1,1]},"_coverageSchema":"1a1c01bbd47fc00a2c39e90264f33305004495a9","hash":"f3a9865b94e2d57bc258d33544bc9fb3457d2c83"}
,"C:\\Users\\chnichol\\source\\repos\\xrm-promotion-poc\\src\\client\\form\\formTypeUpdateExecution.js": {"path":"C:\\Users\\chnichol\\source\\repos\\xrm-promotion-poc\\src\\client\\form\\formTypeUpdateExecution.js","statementMap":{"0":{"start":{"line":4,"column":32},"end":{"line":4,"column":67}}},"fnMap":{},"branchMap":{},"s":{"0":1},"f":{},"b":{},"_coverageSchema":"1a1c01bbd47fc00a2c39e90264f33305004495a9","hash":"7f948884c6f7637f1fb6567492d35e4206ac6331"}
,"C:\\Users\\chnichol\\source\\repos\\xrm-promotion-poc\\src\\client\\govcdm_\\forms\\contact\\main.js": {"path":"C:\\Users\\chnichol\\source\\repos\\xrm-promotion-poc\\src\\client\\govcdm_\\forms\\contact\\main.js","statementMap":{},"fnMap":{},"branchMap":{},"s":{},"f":{},"b":{}}
,"C:\\Users\\chnichol\\source\\repos\\xrm-promotion-poc\\src\\client\\govcdm_\\forms\\contact\\form\\enableOnUpdate.js": {"path":"C:\\Users\\chnichol\\source\\repos\\xrm-promotion-poc\\src\\client\\govcdm_\\forms\\contact\\form\\enableOnUpdate.js","statementMap":{"0":{"start":{"line":6,"column":23},"end":{"line":13,"column":1}},"1":{"start":{"line":7,"column":2},"end":{"line":7,"column":11}},"2":{"start":{"line":8,"column":15},"end":{"line":8,"column":43}},"3":{"start":{"line":9,"column":22},"end":{"line":9,"column":49}},"4":{"start":{"line":10,"column":29},"end":{"line":10,"column":71}},"5":{"start":{"line":12,"column":2},"end":{"line":12,"column":57}}},"fnMap":{"0":{"name":"(anonymous_0)","decl":{"start":{"line":6,"column":23},"end":{"line":6,"column":24}},"loc":{"start":{"line":6,"column":40},"end":{"line":13,"column":1}},"line":6}},"branchMap":{},"s":{"0":1,"1":1,"2":1,"3":1,"4":1,"5":1},"f":{"0":1},"b":{},"_coverageSchema":"1a1c01bbd47fc00a2c39e90264f33305004495a9","hash":"4bd518fe13fe5e3e04c597fb4b70bf5fcf09179f"}
,"C:\\Users\\chnichol\\source\\repos\\xrm-promotion-poc\\src\\client\\utility\\consts.js": {"path":"C:\\Users\\chnichol\\source\\repos\\xrm-promotion-poc\\src\\client\\utility\\consts.js","statementMap":{"0":{"start":{"line":1,"column":31},"end":{"line":1,"column":55}},"1":{"start":{"line":2,"column":34},"end":{"line":2,"column":58}},"2":{"start":{"line":4,"column":29},"end":{"line":4,"column":66}},"3":{"start":{"line":5,"column":32},"end":{"line":5,"column":54}},"4":{"start":{"line":7,"column":18},"end":{"line":7,"column":41}},"5":{"start":{"line":8,"column":15},"end":{"line":8,"column":79}},"6":{"start":{"line":9,"column":15},"end":{"line":9,"column":23}},"7":{"start":{"line":10,"column":12},"end":{"line":10,"column":17}},"8":{"start":{"line":11,"column":13},"end":{"line":11,"column":19}},"9":{"start":{"line":12,"column":14},"end":{"line":12,"column":21}},"10":{"start":{"line":13,"column":15},"end":{"line":13,"column":23}},"11":{"start":{"line":14,"column":19},"end":{"line":14,"column":67}},"12":{"start":{"line":15,"column":25},"end":{"line":15,"column":26}},"13":{"start":{"line":16,"column":25},"end":{"line":16,"column":26}}},"fnMap":{},"branchMap":{"0":{"loc":{"start":{"line":8,"column":18},"end":{"line":8,"column":63}},"type":"cond-expr","locations":[{"start":{"line":8,"column":49},"end":{"line":8,"column":58}},{"start":{"line":8,"column":61},"end":{"line":8,"column":63}}],"line":8},"1":{"loc":{"start":{"line":14,"column":19},"end":{"line":14,"column":67}},"type":"binary-expr","locations":[{"start":{"line":14,"column":19},"end":{"line":14,"column":48}},{"start":{"line":14,"column":52},"end":{"line":14,"column":67}}],"line":14}},"s":{"0":1,"1":1,"2":1,"3":1,"4":1,"5":1,"6":1,"7":1,"8":1,"9":1,"10":1,"11":1,"12":1,"13":1},"f":{},"b":{"0":[1,0],"1":[1,1]},"_coverageSchema":"1a1c01bbd47fc00a2c39e90264f33305004495a9","hash":"3864defe4fc717bd8a2878cdd7e16ea27af6d0c6"}
,"C:\\Users\\chnichol\\source\\repos\\xrm-promotion-poc\\src\\client\\utility\\pipe.js": {"path":"C:\\Users\\chnichol\\source\\repos\\xrm-promotion-poc\\src\\client\\utility\\pipe.js","statementMap":{"0":{"start":{"line":1,"column":13},"end":{"line":1,"column":61}},"1":{"start":{"line":1,"column":25},"end":{"line":1,"column":61}},"2":{"start":{"line":1,"column":32},"end":{"line":1,"column":61}},"3":{"start":{"line":1,"column":53},"end":{"line":1,"column":57}}},"fnMap":{"0":{"name":"(anonymous_0)","decl":{"start":{"line":1,"column":13},"end":{"line":1,"column":14}},"loc":{"start":{"line":1,"column":25},"end":{"line":1,"column":61}},"line":1},"1":{"name":"(anonymous_1)","decl":{"start":{"line":1,"column":25},"end":{"line":1,"column":26}},"loc":{"start":{"line":1,"column":32},"end":{"line":1,"column":61}},"line":1},"2":{"name":"(anonymous_2)","decl":{"start":{"line":1,"column":43},"end":{"line":1,"column":44}},"loc":{"start":{"line":1,"column":53},"end":{"line":1,"column":57}},"line":1}},"branchMap":{},"s":{"0":1,"1":1,"2":1,"3":2},"f":{"0":1,"1":1,"2":2},"b":{},"_coverageSchema":"1a1c01bbd47fc00a2c39e90264f33305004495a9","hash":"9c40f9a49aec51f15532bade9c4bf612e57c0ed6"}
}
